28.7.2025, 17:03:42 - DEBUG - req.query | {"title":"h","description":"w","severity":"2"}
28.7.2025, 17:07:31 - DEBUG - req.query | {"title":"f","description":"was","severity":"6"}
28.7.2025, 17:09:03 - DEBUG - req.query | {"title":"f","description":"was","severity":"2","_id":"HkyMs"}
28.7.2025, 17:11:59 - DEBUG - req.query | {"title":"dad","description":"was","severity":"6"}
28.7.2025, 17:36:22 - ERROR - Couldnt find bug HkyMs in bugService
28.7.2025, 17:36:22 - ERROR - Cannot remove bug
28.7.2025, 17:36:27 - ERROR - Couldnt find bug HkyMs in bugService
28.7.2025, 17:36:27 - ERROR - Cannot remove bug
28.7.2025, 17:36:58 - ERROR - Couldnt find bug v7Amr in bugService
28.7.2025, 17:36:58 - ERROR - Cannot remove bug
28.7.2025, 17:36:59 - ERROR - Couldnt find bug v7Amr in bugService
28.7.2025, 17:36:59 - ERROR - Cannot remove bug
28.7.2025, 17:40:30 - INFO - Bug HkyMs removed
28.7.2025, 18:11:58 - DEBUG - req.query | {"title":"Cannot save a new car","description":"problem when clicking Save","severity":"5","_id":"abc123"}
28.7.2025, 18:12:01 - INFO - Bug v7Amr removed
28.7.2025, 18:13:12 - DEBUG - req.query | {"title":"Bug 1753715587440","description":"undefined","severity":"3"}
28.7.2025, 18:13:20 - DEBUG - req.query | {"title":"Bug 1753715595878","description":"undefined","severity":"2"}
28.7.2025, 18:13:26 - DEBUG - req.query | {"title":"Bug 1753715600922","description":"undefined","severity":"1"}
28.7.2025, 18:24:33 - DEBUG - req.query | {"title":"Bug 1753716262042","description":"labadabadabdab","severity":"3"}
1.8.2025, 17:46:49 - DEBUG - req.query | {"title":"null","description":"null","severity":"0"}
1.8.2025, 17:46:52 - INFO - Bug kzyxo removed
5.8.2025, 15:22:11 - INFO - Bug bug004 removed
5.8.2025, 15:28:58 - DEBUG - req.body | {"_id":"bug003","title":"Details not syncing","description":"Details sync fails without error message","severity":5,"createdAt":1624107659454,"labels":["sync","critical"]}
5.8.2025, 15:38:37 - DEBUG - req.body | {"title":"Cannot get Car","description":"Problem occurs when clicking get button","severity":5,"createdAt":1622108159454,"labels":["critical","need-CR","dev-branch"]}
12.8.2025, 20:35:01 - DEBUG - req.body | {"_id":"bug001","title":"Cannot save a Car","description":"Problem occurs when clicking Save button on form","severity":1,"createdAt":1622107359454,"labels":["critical","need-CR","dev-branch"],"creator":{"_id":"u101","fullname":"Puki Ja"}}
12.8.2025, 20:35:17 - INFO - Bug bug005 removed
12.8.2025, 20:44:30 - INFO - Bug bug001 removed
12.8.2025, 20:44:33 - ERROR - Couldnt find bug bug001 in bugService
12.8.2025, 20:44:33 - ERROR - Cannot get bug
12.8.2025, 20:45:45 - INFO - Bug bug003 removed
12.8.2025, 20:58:38 - INFO - Bug bug006 removed
12.8.2025, 21:29:29 - ERROR - Cannot delete user! | ReferenceError: __dirname is not defined
12.8.2025, 21:29:38 - ERROR - Cannot delete user! | ReferenceError: __dirname is not defined
12.8.2025, 21:30:32 - ERROR - Cannot delete user! | ReferenceError: __dirname is not defined
12.8.2025, 21:52:57 - ERROR - Cannot delete user! | sorry not found
13.8.2025, 10:54:21 - DEBUG - req.body | {"title":"Bug 1755071651904","severity":3,"description":"lalala"}
